2025-02-26 05:59:44 Loading main app package /usr/lib/obsidian/obsidian.asar
2025-02-26 05:59:45 Checking for update using Github
2025-02-26 05:59:45 Success.
2025-02-26 05:59:45 Latest version is 1.8.7
2025-02-26 05:59:45 App is up to date.
2025-02-26 06:01:10 Loading main app package /usr/lib/obsidian/obsidian.asar
2025-02-26 06:01:10 Checking for update using Github
2025-02-26 06:01:10 Success.
2025-02-26 06:01:10 Latest version is 1.8.7
2025-02-26 06:01:10 App is up to date.
2025-02-26 06:02:07 Loading main app package /usr/lib/obsidian/obsidian.asar
2025-02-26 06:02:07 Loading main app package /usr/lib/obsidian/obsidian.asar
2025-02-26 06:02:07 Checking for update using Github
2025-02-26 06:02:07 Success.
2025-02-26 06:02:07 Latest version is 1.8.7
2025-02-26 06:02:07 App is up to date.
2025-02-26 06:02:07 Checking for update using Github
2025-02-26 06:02:17 Loading main app package /usr/lib/obsidian/obsidian.asar
2025-02-26 06:02:17 Checking for update using Github
2025-02-26 06:02:17 Success.
2025-02-26 06:02:17 Latest version is 1.8.7
2025-02-26 06:02:17 App is up to date.
2025-02-26 06:02:30 Loading main app package /usr/lib/obsidian/obsidian.asar
2025-02-26 06:02:30 Checking for update using Github
2025-02-26 06:02:30 Success.
2025-02-26 06:02:30 Latest version is 1.8.7
2025-02-26 06:02:30 App is up to date.
2025-02-26 06:03:18 Loading main app package /usr/lib/obsidian/obsidian.asar
2025-02-26 06:03:18 Checking for update using Github
2025-02-26 06:03:18 Success.
2025-02-26 06:03:18 Latest version is 1.8.7
2025-02-26 06:03:18 App is up to date.
2025-02-26 06:03:35 Loading main app package /usr/lib/obsidian/obsidian.asar
2025-02-26 06:03:35 Checking for update using Github
2025-02-26 06:03:35 Success.
2025-02-26 06:03:35 Latest version is 1.8.7
2025-02-26 06:03:35 App is up to date.
2025-02-26 06:03:46 Loading main app package /usr/lib/obsidian/obsidian.asar
2025-02-26 06:03:46 Checking for update using Github
2025-02-26 06:03:46 Success.
2025-02-26 06:03:46 Latest version is 1.8.7
2025-02-26 06:03:46 App is up to date.
2025-02-26 06:08:52 Loading main app package /usr/lib/obsidian/obsidian.asar
2025-02-26 06:08:52 Checking for update using Github
2025-02-26 06:08:53 Success.
2025-02-26 06:08:53 Latest version is 1.8.7
2025-02-26 06:08:53 App is up to date.
2025-02-26 06:09:30 Loading main app package /usr/lib/obsidian/obsidian.asar
2025-02-26 06:09:30 Checking for update using Github
2025-02-26 06:09:30 Success.
2025-02-26 06:09:30 Latest version is 1.8.7
2025-02-26 06:09:30 App is up to date.
2025-02-26 06:23:21 Loading main app package /usr/lib/obsidian/obsidian.asar
2025-02-26 06:23:21 Loading main app package /usr/lib/obsidian/obsidian.asar
2025-02-26 06:23:21 Checking for update using Github
2025-02-26 06:23:22 Checking for update using Github
2025-02-26 06:23:22 Success.
2025-02-26 06:23:22 Latest version is 1.8.7
2025-02-26 06:23:22 App is up to date.
2025-02-26 06:24:09 Loading main app package /usr/lib/obsidian/obsidian.asar
2025-02-26 06:24:09 Checking for update using Github
2025-02-26 06:24:09 Success.
2025-02-26 06:24:09 Latest version is 1.8.7
2025-02-26 06:24:09 App is up to date.
2025-02-26 06:24:49 Loading main app package /usr/lib/obsidian/obsidian.asar
2025-02-26 06:24:49 Checking for update using Github
2025-02-26 06:24:50 Success.
2025-02-26 06:24:50 Latest version is 1.8.7
2025-02-26 06:24:50 App is up to date.
2025-02-26 06:32:33 Loading main app package /usr/lib/obsidian/obsidian.asar
2025-02-26 06:32:33 Checking for update using Github
2025-02-26 06:32:33 Success.
2025-02-26 06:32:33 Latest version is 1.8.7
2025-02-26 06:32:33 App is up to date.
2025-02-26 07:03:27 Loading main app package /usr/lib/obsidian/obsidian.asar
2025-02-26 07:03:27 Checking for update using Github
2025-02-26 07:03:27 Success.
2025-02-26 07:03:27 Latest version is 1.8.7
2025-02-26 07:03:27 App is up to date.
2025-02-26 07:06:49 Loading main app package /usr/lib/obsidian/obsidian.asar
2025-02-26 07:06:50 Checking for update using Github
2025-02-26 07:06:50 Success.
2025-02-26 07:06:50 Latest version is 1.8.7
2025-02-26 07:06:50 App is up to date.
2025-02-26 07:31:22 Loading main app package /usr/lib/obsidian/obsidian.asar
2025-02-26 07:31:22 Checking for update using Github
2025-02-26 07:31:23 Success.
2025-02-26 07:31:23 Latest version is 1.8.7
2025-02-26 07:31:23 App is up to date.
